Arguments: 
  /usr/bin/node /usr/share/yarn/bin/yarn.js

PATH: 
  /usr/local/sbin:/usr/local/bin:/usr/sbin:/usr/bin:/sbin:/bin:/usr/games:/usr/local/games:/snap/bin

Yarn version: 
  1.22.15

Node version: 
  16.13.1

Platform: 
  linux x64

Trace: 
  Error: https://registry.yarnpkg.com/rxjs/-/rxjs-7.4.0.tgz: ESOCKETTIMEDOUT
      at ClientRequest.<anonymous> (/usr/share/yarn/lib/cli.js:141512:19)
      at Object.onceWrapper (node:events:509:28)
      at ClientRequest.emit (node:events:390:28)
      at TLSSocket.emitRequestTimeout (node:_http_client:763:9)
      at Object.onceWrapper (node:events:509:28)
      at TLSSocket.emit (node:events:402:35)
      at TLSSocket.Socket._onTimeout (node:net:501:8)
      at listOnTimeout (node:internal/timers:557:17)
      at processTimers (node:internal/timers:500:7)

npm manifest: 
  {
    "name": "account-transfers",
    "version": "1.0.0",
    "description": "",
    "main": "dist/index.js",
    "scripts": {
      "build": "tsc -b",
      "prepack": "rm -rf dist && npm build",
      "test": "jest",
      "codegen": "./node_modules/.bin/subql codegen"
    },
    "homepage": "https://github.com/subquery/subql-starter",
    "repository": "github:subquery/subql-starter",
    "files": [
      "dist",
      "schema.graphql",
      "project.yaml"
    ],
    "author": "sa",
    "license": "Apache-2.0",
    "devDependencies": {
      "@polkadot/api": "^5.7.1",
      "@subql/types": "latest",
      "typescript": "^4.1.3",
      "@subql/cli": "latest"
    }
  }

yarn manifest: 
  No manifest

Lockfile: 
  No lockfile
